Starting from index 102 (102 finished)
Processing index 102 to 102...
Time elapsed: 4.12s, Length: 2 + 1
[102] Recall: -100.00%, Precision: 0.00%, Matched: 0/0
Processing index 103 to 103...
Time elapsed: 7.20s, Length: 4 + 2
[103] Recall: 50.00%, Precision: 25.00%, Matched: 1/2
Processing index 104 to 104...
Time elapsed: 8.82s, Length: 5 + 3
[104] Recall: 0.00%, Precision: 0.00%, Matched: 0/1
Processing index 105 to 105...
Time elapsed: 9.15s, Length: 5 + 3
[105] Recall: 0.00%, Precision: 0.00%, Matched: 0/2
Processing index 106 to 106...
Time elapsed: 8.30s, Length: 3 + 3
[106] Recall: 25.00%, Precision: 33.33%, Matched: 1/4
Processing index 107 to 107...
Time elapsed: 3.73s, Length: 2 + 1
[107] Recall: 0.00%, Precision: 0.00%, Matched: 0/1
Processing index 108 to 108...
Time elapsed: 7.17s, Length: 4 + 2
[108] Recall: 100.00%, Precision: 50.00%, Matched: 2/2
Processing index 109 to 109...
Time elapsed: 5.76s, Length: 3 + 2
[109] Recall: 50.00%, Precision: 33.33%, Matched: 1/2
Processing index 110 to 110...
Time elapsed: 7.98s, Length: 4 + 2
[110] Recall: 33.33%, Precision: 25.00%, Matched: 1/3
Processing index 111 to 111...
Time elapsed: 8.23s, Length: 4 + 3
[111] Recall: 25.00%, Precision: 25.00%, Matched: 1/4
Processing index 112 to 112...
Time elapsed: 10.49s, Length: 5 + 4
[112] Recall: 66.67%, Precision: 40.00%, Matched: 2/3
Processing index 113 to 113...
Time elapsed: 9.36s, Length: 5 + 3
[113] Recall: 40.00%, Precision: 40.00%, Matched: 2/5
Processing index 114 to 114...
Time elapsed: 8.85s, Length: 5 + 2
[114] Recall: 100.00%, Precision: 60.00%, Matched: 3/3
Processing index 115 to 115...
Time elapsed: 5.87s, Length: 3 + 2
[115] Recall: 50.00%, Precision: 33.33%, Matched: 1/2
Processing index 116 to 116...
Time elapsed: 9.03s, Length: 4 + 3
[116] Recall: 33.33%, Precision: 25.00%, Matched: 1/3
Processing index 117 to 117...
Time elapsed: 6.50s, Length: 3 + 2
[117] Recall: 33.33%, Precision: 33.33%, Matched: 1/3
Processing index 118 to 118...
Time elapsed: 8.11s, Length: 4 + 3
[118] Recall: 50.00%, Precision: 50.00%, Matched: 2/4
Processing index 119 to 119...
Time elapsed: 12.80s, Length: 7 + 4
[119] Recall: 25.00%, Precision: 14.29%, Matched: 1/4
Processing index 120 to 120...
Time elapsed: 6.07s, Length: 3 + 2
[120] Recall: 66.67%, Precision: 66.67%, Matched: 2/3
Processing index 121 to 121...
Time elapsed: 6.75s, Length: 3 + 2
[121] Recall: 20.00%, Precision: 33.33%, Matched: 1/5
Processing index 122 to 122...
Time elapsed: 3.85s, Length: 2 + 1
[122] Recall: 100.00%, Precision: 50.00%, Matched: 1/1
Processing index 123 to 123...
Time elapsed: 3.92s, Length: 2 + 1
[123] Recall: 50.00%, Precision: 50.00%, Matched: 1/2
Processing index 124 to 124...
Time elapsed: 7.38s, Length: 4 + 2
[124] Recall: 50.00%, Precision: 25.00%, Matched: 1/2
Processing index 125 to 125...
Time elapsed: 6.35s, Length: 3 + 2
[125] Recall: 100.00%, Precision: 33.33%, Matched: 1/1
Processing index 126 to 126...
Time elapsed: 11.37s, Length: 6 + 4
[126] Recall: 0.00%, Precision: 0.00%, Matched: 0/2
Processing index 127 to 127...
Time elapsed: 10.80s, Length: 6 + 4
[127] Recall: 100.00%, Precision: 50.00%, Matched: 3/3
Processing index 128 to 128...
Time elapsed: 10.38s, Length: 5 + 4
[128] Recall: 66.67%, Precision: 40.00%, Matched: 2/3
Processing index 129 to 129...
Time elapsed: 11.71s, Length: 6 + 4
[129] Recall: 0.00%, Precision: 0.00%, Matched: 0/3
Processing index 130 to 130...
Time elapsed: 13.90s, Length: 7 + 5
[130] Recall: 100.00%, Precision: 71.43%, Matched: 5/5
Processing index 131 to 131...
Time elapsed: 5.50s, Length: 2 + 1
[131] Recall: 0.00%, Precision: 0.00%, Matched: 0/1
Processing index 132 to 132...
Time elapsed: 6.45s, Length: 3 + 2
[132] Recall: -100.00%, Precision: 0.00%, Matched: 0/0
Processing index 133 to 133...
Time elapsed: 4.77s, Length: 3 + 1
[133] Recall: 100.00%, Precision: 33.33%, Matched: 1/1
Processing index 134 to 134...
Time elapsed: 9.99s, Length: 5 + 4
[134] Recall: 75.00%, Precision: 60.00%, Matched: 3/4
Processing index 135 to 135...
Time elapsed: 1.70s, Length: 1 + 0
[135] Recall: -100.00%, Precision: 0.00%, Matched: 0/0
Processing index 136 to 136...
Time elapsed: 7.43s, Length: 4 + 2
[136] Recall: 25.00%, Precision: 25.00%, Matched: 1/4
Processing index 137 to 137...
Time elapsed: 6.28s, Length: 3 + 2
[137] Recall: 33.33%, Precision: 33.33%, Matched: 1/3
Processing index 138 to 138...
Time elapsed: 8.97s, Length: 4 + 3
[138] Recall: 25.00%, Precision: 25.00%, Matched: 1/4
Processing index 139 to 139...
Time elapsed: 8.37s, Length: 4 + 3
[139] Recall: 40.00%, Precision: 50.00%, Matched: 2/5
Processing index 140 to 140...
Time elapsed: 8.44s, Length: 4 + 3
[140] Recall: 66.67%, Precision: 50.00%, Matched: 2/3
Processing index 141 to 141...
Time elapsed: 8.77s, Length: 4 + 3
[141] Recall: 50.00%, Precision: 50.00%, Matched: 2/4
Processing index 142 to 142...
Time elapsed: 10.78s, Length: 5 + 4
[142] Recall: 50.00%, Precision: 40.00%, Matched: 2/4
Processing index 143 to 143...
Time elapsed: 7.47s, Length: 4 + 2
[143] Recall: 0.00%, Precision: 0.00%, Matched: 0/4
Processing index 144 to 144...
Time elapsed: 10.02s, Length: 5 + 4
[144] Recall: 66.67%, Precision: 40.00%, Matched: 2/3
Processing index 145 to 145...
Time elapsed: 9.60s, Length: 5 + 3
[145] Recall: 40.00%, Precision: 40.00%, Matched: 2/5
Processing index 146 to 146...
Time elapsed: 6.30s, Length: 3 + 2
[146] Recall: 50.00%, Precision: 33.33%, Matched: 1/2
Processing index 147 to 147...
Time elapsed: 8.70s, Length: 4 + 2
[147] Recall: 33.33%, Precision: 25.00%, Matched: 1/3
Processing index 148 to 148...
Time elapsed: 6.70s, Length: 3 + 2
[148] Recall: 50.00%, Precision: 66.67%, Matched: 2/4
Processing index 149 to 149...
Time elapsed: 8.23s, Length: 4 + 3
[149] Recall: 33.33%, Precision: 25.00%, Matched: 1/3
Processing index 150 to 150...
Time elapsed: 6.93s, Length: 4 + 2
[150] Recall: 50.00%, Precision: 25.00%, Matched: 1/2
Processing index 151 to 151...
Time elapsed: 11.42s, Length: 5 + 4
[151] Recall: 40.00%, Precision: 40.00%, Matched: 2/5
Processing index 152 to 152...
Time elapsed: 9.42s, Length: 4 + 4
[152] Recall: 50.00%, Precision: 50.00%, Matched: 2/4
Processing index 153 to 153...
Time elapsed: 3.93s, Length: 2 + 1
[153] Recall: 0.00%, Precision: 0.00%, Matched: 0/2
Processing index 154 to 154...
Time elapsed: 4.75s, Length: 3 + 1
[154] Recall: 50.00%, Precision: 33.33%, Matched: 1/2
Processing index 155 to 155...
Time elapsed: 6.02s, Length: 3 + 2
[155] Recall: -100.00%, Precision: 0.00%, Matched: 0/0
Processing index 156 to 156...
Time elapsed: 7.43s, Length: 4 + 2
[156] Recall: 0.00%, Precision: 0.00%, Matched: 0/1
Processing index 157 to 157...
Time elapsed: 6.08s, Length: 3 + 2
[157] Recall: 0.00%, Precision: 0.00%, Matched: 0/2
Processing index 158 to 158...
Time elapsed: 5.60s, Length: 2 + 2
[158] Recall: 50.00%, Precision: 50.00%, Matched: 1/2
Processing index 159 to 159...
Time elapsed: 9.92s, Length: 5 + 3
[159] Recall: 66.67%, Precision: 80.00%, Matched: 4/6
Processing index 160 to 160...
Time elapsed: 8.18s, Length: 4 + 3
[160] Recall: 25.00%, Precision: 25.00%, Matched: 1/4
Processing index 161 to 161...
Time elapsed: 6.40s, Length: 3 + 2
[161] Recall: 0.00%, Precision: 0.00%, Matched: 0/3
Processing index 162 to 162...
Time elapsed: 6.39s, Length: 3 + 2
[162] Recall: 33.33%, Precision: 33.33%, Matched: 1/3
Processing index 163 to 163...
Time elapsed: 6.23s, Length: 3 + 2
[163] Recall: 0.00%, Precision: 0.00%, Matched: 0/4
Processing index 164 to 164...
Time elapsed: 11.52s, Length: 5 + 4
[164] Recall: 66.67%, Precision: 40.00%, Matched: 2/3
Processing index 165 to 165...
Time elapsed: 10.10s, Length: 5 + 4
[165] Recall: 33.33%, Precision: 20.00%, Matched: 1/3
Processing index 166 to 166...
Time elapsed: 10.22s, Length: 4 + 5
[166] Recall: 40.00%, Precision: 50.00%, Matched: 2/5
Processing index 167 to 167...
Time elapsed: 10.55s, Length: 5 + 4
[167] Recall: 42.86%, Precision: 60.00%, Matched: 3/7
Processing index 168 to 168...
Time elapsed: 8.13s, Length: 4 + 3
[168] Recall: 50.00%, Precision: 25.00%, Matched: 1/2
Processing index 169 to 169...
Time elapsed: 10.62s, Length: 5 + 4
[169] Recall: 33.33%, Precision: 20.00%, Matched: 1/3
Processing index 170 to 170...
Time elapsed: 13.65s, Length: 8 + 4
[170] Recall: 0.00%, Precision: 0.00%, Matched: 0/5
Processing index 171 to 171...
Time elapsed: 12.15s, Length: 6 + 4
[171] Recall: 0.00%, Precision: 0.00%, Matched: 0/4
Processing index 172 to 172...
Time elapsed: 10.67s, Length: 6 + 3
[172] Recall: 66.67%, Precision: 33.33%, Matched: 2/3
Processing index 173 to 173...
Time elapsed: 8.75s, Length: 4 + 3
[173] Recall: 0.00%, Precision: 0.00%, Matched: 0/4
Processing index 174 to 174...
Time elapsed: 6.63s, Length: 4 + 2
[174] Recall: 50.00%, Precision: 50.00%, Matched: 2/4
Processing index 175 to 175...
Time elapsed: 7.95s, Length: 4 + 3
[175] Recall: 50.00%, Precision: 25.00%, Matched: 1/2
Processing index 176 to 176...
Time elapsed: 5.73s, Length: 3 + 2
[176] Recall: 33.33%, Precision: 33.33%, Matched: 1/3
Processing index 177 to 177...
Time elapsed: 5.80s, Length: 3 + 2
[177] Recall: 0.00%, Precision: 0.00%, Matched: 0/3
Processing index 178 to 178...
Time elapsed: 3.98s, Length: 2 + 1
[178] Recall: 0.00%, Precision: 0.00%, Matched: 0/2
Processing index 179 to 179...
Time elapsed: 2.08s, Length: 1 + 0
[179] Recall: 0.00%, Precision: 0.00%, Matched: 0/1
Processing index 180 to 180...
Time elapsed: 4.82s, Length: 2 + 1
[180] Recall: 100.00%, Precision: 50.00%, Matched: 1/1
Processing index 181 to 181...
Time elapsed: 9.73s, Length: 4 + 4
[181] Recall: 100.00%, Precision: 50.00%, Matched: 2/2
Processing index 182 to 182...
Time elapsed: 10.75s, Length: 5 + 3
[182] Recall: 25.00%, Precision: 20.00%, Matched: 1/4
Processing index 183 to 183...
Time elapsed: 6.47s, Length: 3 + 2
[183] Recall: 33.33%, Precision: 33.33%, Matched: 1/3
Processing index 184 to 184...
Time elapsed: 6.75s, Length: 3 + 2
[184] Recall: 66.67%, Precision: 66.67%, Matched: 2/3
Processing index 185 to 185...
Time elapsed: 6.58s, Length: 3 + 2
[185] Recall: 33.33%, Precision: 33.33%, Matched: 1/3
Processing index 186 to 186...
Time elapsed: 15.75s, Length: 9 + 5
[186] Recall: 33.33%, Precision: 22.22%, Matched: 2/6
Processing index 187 to 187...
Time elapsed: 11.55s, Length: 5 + 3
[187] Recall: 15.38%, Precision: 40.00%, Matched: 2/13
Processing index 188 to 188...
Time elapsed: 9.98s, Length: 5 + 4
[188] Recall: 33.33%, Precision: 40.00%, Matched: 2/6
Processing index 189 to 189...
Time elapsed: 11.25s, Length: 7 + 3
[189] Recall: 50.00%, Precision: 42.86%, Matched: 3/6
Processing index 190 to 190...
Time elapsed: 4.18s, Length: 2 + 1
[190] Recall: 100.00%, Precision: 100.00%, Matched: 2/2
Processing index 191 to 191...
Time elapsed: 8.17s, Length: 4 + 3
[191] Recall: 20.00%, Precision: 25.00%, Matched: 1/5
Processing index 192 to 192...
Time elapsed: 13.56s, Length: 7 + 4
[192] Recall: 16.67%, Precision: 14.29%, Matched: 1/6
Processing index 193 to 193...
Time elapsed: 6.22s, Length: 3 + 2
[193] Recall: 100.00%, Precision: 66.67%, Matched: 2/2
Processing index 194 to 194...
Time elapsed: 7.10s, Length: 4 + 2
[194] Recall: 33.33%, Precision: 25.00%, Matched: 1/3
Processing index 195 to 195...
Time elapsed: 7.08s, Length: 4 + 2
[195] Recall: 33.33%, Precision: 25.00%, Matched: 1/3
Processing index 196 to 196...
Time elapsed: 8.63s, Length: 4 + 3
[196] Recall: 25.00%, Precision: 25.00%, Matched: 1/4
Processing index 197 to 197...
Time elapsed: 3.83s, Length: 2 + 1
[197] Recall: 0.00%, Precision: 0.00%, Matched: 0/1
Processing index 198 to 198...
Time elapsed: 8.26s, Length: 4 + 3
[198] Recall: 33.33%, Precision: 25.00%, Matched: 1/3
Processing index 199 to 199...
Time elapsed: 6.05s, Length: 3 + 2
[199] Recall: 33.33%, Precision: 33.33%, Matched: 1/3
Processing index 200 to 200...
Time elapsed: 12.25s, Length: 7 + 4
[200] Recall: 25.00%, Precision: 14.29%, Matched: 1/4
Processing index 201 to 201...
Time elapsed: 3.70s, Length: 2 + 1
[201] Recall: 0.00%, Precision: 0.00%, Matched: 0/1
Processing index 202 to 202...
Time elapsed: 8.55s, Length: 4 + 3
[202] Recall: 100.00%, Precision: 75.00%, Matched: 3/3
Processing index 203 to 203...
Time elapsed: 8.22s, Length: 4 + 3
[203] Recall: 0.00%, Precision: 0.00%, Matched: 0/4
Processing index 204 to 204...
Time elapsed: 5.85s, Length: 3 + 2
[204] Recall: 50.00%, Precision: 33.33%, Matched: 1/2
Processing index 205 to 205...
Time elapsed: 9.35s, Length: 4 + 4
[205] Recall: 25.00%, Precision: 25.00%, Matched: 1/4
Processing index 206 to 206...
Time elapsed: 7.85s, Length: 4 + 3
[206] Recall: 50.00%, Precision: 25.00%, Matched: 1/2
Processing index 207 to 207...
Time elapsed: 14.15s, Length: 7 + 5
[207] Recall: 66.67%, Precision: 57.14%, Matched: 4/6
Processing index 208 to 208...
Time elapsed: 12.52s, Length: 6 + 5
[208] Recall: 100.00%, Precision: 16.67%, Matched: 1/1
Processing index 209 to 209...
Time elapsed: 11.41s, Length: 5 + 4
[209] Recall: 33.33%, Precision: 20.00%, Matched: 1/3
Processing index 210 to 210...
Time elapsed: 8.17s, Length: 4 + 3
[210] Recall: 75.00%, Precision: 75.00%, Matched: 3/4
Processing index 211 to 211...
Time elapsed: 6.03s, Length: 3 + 2
[211] Recall: -100.00%, Precision: 0.00%, Matched: 0/0
Processing index 212 to 212...
Time elapsed: 7.86s, Length: 5 + 2
[212] Recall: 66.67%, Precision: 40.00%, Matched: 2/3
Processing index 213 to 213...
Time elapsed: 3.98s, Length: 2 + 1
[213] Recall: 0.00%, Precision: 0.00%, Matched: 0/1
Processing index 214 to 214...
Time elapsed: 6.75s, Length: 4 + 2
[214] Recall: 0.00%, Precision: 0.00%, Matched: 0/1
Processing index 215 to 215...
Time elapsed: 2.97s, Length: 2 + 0
[215] Recall: 100.00%, Precision: 50.00%, Matched: 1/1
Processing index 216 to 216...
Time elapsed: 2.75s, Length: 2 + 0
[216] Recall: 0.00%, Precision: 0.00%, Matched: 0/2
Processing index 217 to 217...
Time elapsed: 7.98s, Length: 4 + 3
[217] Recall: 0.00%, Precision: 0.00%, Matched: 0/2
Processing index 218 to 218...
Time elapsed: 3.72s, Length: 2 + 1
[218] Recall: -100.00%, Precision: 0.00%, Matched: 0/0
Processing index 219 to 219...
Time elapsed: 8.38s, Length: 4 + 3
[219] Recall: -100.00%, Precision: 0.00%, Matched: 0/0
Processing index 220 to 220...
Time elapsed: 7.13s, Length: 4 + 2
[220] Recall: 66.67%, Precision: 50.00%, Matched: 2/3
Processing index 221 to 221...
Time elapsed: 6.33s, Length: 3 + 2
[221] Recall: 66.67%, Precision: 66.67%, Matched: 2/3
Processing index 222 to 222...
Time elapsed: 14.92s, Length: 8 + 5
[222] Recall: 28.57%, Precision: 25.00%, Matched: 2/7
Processing index 223 to 223...
Time elapsed: 2.90s, Length: 2 + 0
[223] Recall: 0.00%, Precision: 0.00%, Matched: 0/1
Processing index 224 to 224...
Time elapsed: 11.65s, Length: 6 + 4
[224] Recall: 20.00%, Precision: 16.67%, Matched: 1/5
Processing index 225 to 225...
Time elapsed: 5.90s, Length: 3 + 2
[225] Recall: 50.00%, Precision: 33.33%, Matched: 1/2
Processing index 226 to 226...
Time elapsed: 9.31s, Length: 4 + 3
[226] Recall: 75.00%, Precision: 75.00%, Matched: 3/4
Processing index 227 to 227...
Time elapsed: 10.78s, Length: 5 + 4
[227] Recall: 0.00%, Precision: 0.00%, Matched: 0/5
Processing index 228 to 228...
Time elapsed: 6.32s, Length: 3 + 2
[228] Recall: 33.33%, Precision: 33.33%, Matched: 1/3
Processing index 229 to 229...
Time elapsed: 3.71s, Length: 2 + 1
[229] Recall: 33.33%, Precision: 50.00%, Matched: 1/3
Processing index 230 to 230...
Time elapsed: 8.33s, Length: 4 + 3
[230] Recall: 33.33%, Precision: 25.00%, Matched: 1/3
Processing index 231 to 231...
Time elapsed: 9.07s, Length: 5 + 3
[231] Recall: 25.00%, Precision: 20.00%, Matched: 1/4
Processing index 232 to 232...
Time elapsed: 4.00s, Length: 2 + 1
[232] Recall: 0.00%, Precision: 0.00%, Matched: 0/2
Processing index 233 to 233...
Time elapsed: 3.98s, Length: 2 + 1
[233] Recall: 0.00%, Precision: 0.00%, Matched: 0/2
Processing index 234 to 234...
Time elapsed: 8.50s, Length: 5 + 2
[234] Recall: 20.00%, Precision: 20.00%, Matched: 1/5
Processing index 235 to 235...
Time elapsed: 5.75s, Length: 3 + 1
[235] Recall: 33.33%, Precision: 33.33%, Matched: 1/3
Processing index 236 to 236...
Time elapsed: 8.40s, Length: 4 + 3
[236] Recall: 0.00%, Precision: 0.00%, Matched: 0/4
Processing index 237 to 237...
Time elapsed: 6.05s, Length: 3 + 2
[237] Recall: 33.33%, Precision: 33.33%, Matched: 1/3
Processing index 238 to 238...
Time elapsed: 7.90s, Length: 4 + 3
[238] Recall: 100.00%, Precision: 50.00%, Matched: 2/2
Processing index 239 to 239...
Time elapsed: 9.73s, Length: 4 + 4
[239] Recall: 66.67%, Precision: 50.00%, Matched: 2/3
Processing index 240 to 240...
Time elapsed: 3.75s, Length: 2 + 1
[240] Recall: 66.67%, Precision: 100.00%, Matched: 2/3
Processing index 241 to 241...
Time elapsed: 7.78s, Length: 4 + 3
[241] Recall: 50.00%, Precision: 50.00%, Matched: 2/4
Processing index 242 to 242...
Time elapsed: 6.27s, Length: 3 + 2
[242] Recall: 66.67%, Precision: 66.67%, Matched: 2/3
Processing index 243 to 243...
Time elapsed: 10.93s, Length: 5 + 4
[243] Recall: 66.67%, Precision: 40.00%, Matched: 2/3
Processing index 244 to 244...
Time elapsed: 7.12s, Length: 3 + 3
[244] Recall: 50.00%, Precision: 66.67%, Matched: 2/4
Processing index 245 to 245...
Time elapsed: 6.68s, Length: 3 + 2
[245] Recall: 66.67%, Precision: 66.67%, Matched: 2/3
Processing index 246 to 246...
Time elapsed: 8.53s, Length: 4 + 3
[246] Recall: 50.00%, Precision: 25.00%, Matched: 1/2
Processing index 247 to 247...
Time elapsed: 4.95s, Length: 3 + 1
[247] Recall: 0.00%, Precision: 0.00%, Matched: 0/1
Processing index 248 to 248...
Time elapsed: 7.70s, Length: 4 + 3
[248] Recall: 33.33%, Precision: 25.00%, Matched: 1/3
Processing index 249 to 249...
Time elapsed: 8.33s, Length: 4 + 3
[249] Recall: 16.67%, Precision: 25.00%, Matched: 1/6