Starting from index 55 (55 finished)
Processing index 55 to 55...
Time elapsed: 7.97s, Length: 4 + 3
[55] Recall: 33.33%, Precision: 25.00%, Matched: 1/3
Processing index 56 to 56...
Time elapsed: 11.87s, Length: 6 + 4
[56] Recall: 25.00%, Precision: 16.67%, Matched: 1/4
Processing index 57 to 57...
Time elapsed: 4.28s, Length: 2 + 1
[57] Recall: 0.00%, Precision: 0.00%, Matched: 0/1
Processing index 58 to 58...
Time elapsed: 6.80s, Length: 3 + 2
[58] Recall: 33.33%, Precision: 33.33%, Matched: 1/3
Processing index 59 to 59...
Time elapsed: 10.71s, Length: 5 + 4
[59] Recall: 16.67%, Precision: 20.00%, Matched: 1/6
Processing index 60 to 60...
Error occurred, retrying...
Time elapsed: 7.22s, Length: 2 + 1
[60] Recall: -100.00%, Precision: 0.00%, Matched: 0/0
Processing index 61 to 61...
Time elapsed: 6.37s, Length: 3 + 2
[61] Recall: 50.00%, Precision: 33.33%, Matched: 1/2
Processing index 62 to 62...
Time elapsed: 1.93s, Length: 1 + 0
[62] Recall: 0.00%, Precision: 0.00%, Matched: 0/1
Processing index 63 to 63...
Time elapsed: 4.99s, Length: 3 + 1
[63] Recall: 100.00%, Precision: 66.67%, Matched: 2/2
Processing index 64 to 64...

Exiting...