Starting from index 25 (25 finished)
Processing index 25 to 25...
Time elapsed: 7.71s, Length: 4 + 3
[25] Recall: 100.00%, Precision: 25.00%, Matched: 1/1
Processing index 26 to 26...
Time elapsed: 5.67s, Length: 3 + 2
[26] Recall: 0.00%, Precision: 0.00%, Matched: 0/1
Processing index 27 to 27...
Time elapsed: 7.60s, Length: 5 + 2
[27] Recall: 0.00%, Precision: 0.00%, Matched: 0/1
Processing index 28 to 28...
Time elapsed: 6.17s, Length: 3 + 2
[28] Recall: 50.00%, Precision: 66.67%, Matched: 2/4
Processing index 29 to 29...
Time elapsed: 6.20s, Length: 3 + 2
[29] Recall: 0.00%, Precision: 0.00%, Matched: 0/4
Processing index 30 to 30...
Time elapsed: 6.48s, Length: 3 + 2
[30] Recall: 33.33%, Precision: 33.33%, Matched: 1/3
Processing index 31 to 31...
Time elapsed: 4.55s, Length: 2 + 1
[31] Recall: 0.00%, Precision: 0.00%, Matched: 0/2
Processing index 32 to 32...
Time elapsed: 8.38s, Length: 4 + 3
[32] Recall: 33.33%, Precision: 25.00%, Matched: 1/3
Processing index 33 to 33...
Time elapsed: 6.02s, Length: 3 + 2
[33] Recall: 33.33%, Precision: 33.33%, Matched: 1/3
Processing index 34 to 34...
Time elapsed: 10.68s, Length: 5 + 4
[34] Recall: 50.00%, Precision: 40.00%, Matched: 2/4
Processing index 35 to 35...
Time elapsed: 13.72s, Length: 6 + 5
[35] Recall: 0.00%, Precision: 0.00%, Matched: 0/6
Processing index 36 to 36...
Time elapsed: 10.97s, Length: 5 + 4
[36] Recall: 80.00%, Precision: 80.00%, Matched: 4/5
Processing index 37 to 37...
Time elapsed: 7.93s, Length: 4 + 3
[37] Recall: 66.67%, Precision: 50.00%, Matched: 2/3
Processing index 38 to 38...
Time elapsed: 3.78s, Length: 2 + 1
[38] Recall: 100.00%, Precision: 100.00%, Matched: 2/2
Processing index 39 to 39...
Time elapsed: 7.74s, Length: 4 + 2
[39] Recall: 33.33%, Precision: 25.00%, Matched: 1/3
Processing index 40 to 40...
Time elapsed: 7.17s, Length: 4 + 2
[40] Recall: 33.33%, Precision: 25.00%, Matched: 1/3
Processing index 41 to 41...
Time elapsed: 12.08s, Length: 6 + 4
[41] Recall: 14.29%, Precision: 16.67%, Matched: 1/7
Processing index 42 to 42...
Time elapsed: 12.23s, Length: 6 + 5
[42] Recall: 16.67%, Precision: 16.67%, Matched: 1/6
Processing index 43 to 43...
Time elapsed: 9.82s, Length: 5 + 3
[43] Recall: 50.00%, Precision: 60.00%, Matched: 3/6
Processing index 44 to 44...
Time elapsed: 10.20s, Length: 5 + 4
[44] Recall: 50.00%, Precision: 60.00%, Matched: 3/6
Processing index 45 to 45...
Time elapsed: 6.58s, Length: 3 + 2
[45] Recall: 33.33%, Precision: 33.33%, Matched: 1/3
Processing index 46 to 46...
Time elapsed: 12.13s, Length: 6 + 4
[46] Recall: 0.00%, Precision: 0.00%, Matched: 0/7
Processing index 47 to 47...
Time elapsed: 6.15s, Length: 3 + 2
[47] Recall: 100.00%, Precision: 100.00%, Matched: 3/3
Processing index 48 to 48...
Time elapsed: 12.08s, Length: 6 + 5
[48] Recall: 14.29%, Precision: 16.67%, Matched: 1/7
Processing index 49 to 49...
Time elapsed: 10.12s, Length: 5 + 4
[49] Recall: 0.00%, Precision: 0.00%, Matched: 0/2
Processing index 50 to 50...
Time elapsed: 15.50s, Length: 7 + 6
[50] Recall: 0.00%, Precision: 0.00%, Matched: 0/7
Processing index 51 to 51...
Time elapsed: 9.65s, Length: 5 + 3
[51] Recall: 75.00%, Precision: 60.00%, Matched: 3/4
Processing index 52 to 52...
Time elapsed: 5.58s, Length: 3 + 1
[52] Recall: 0.00%, Precision: 0.00%, Matched: 0/3
Processing index 53 to 53...
Time elapsed: 8.74s, Length: 4 + 3
[53] Recall: 50.00%, Precision: 50.00%, Matched: 2/4
Processing index 54 to 54...
Time elapsed: 4.06s, Length: 2 + 1
[54] Recall: 33.33%, Precision: 50.00%, Matched: 1/3
Processing index 55 to 55...
Time elapsed: 6.28s, Length: 3 + 2
[55] Recall: 33.33%, Precision: 33.33%, Matched: 1/3
Processing index 56 to 56...
Time elapsed: 7.99s, Length: 4 + 2
[56] Recall: 25.00%, Precision: 25.00%, Matched: 1/4
Processing index 57 to 57...
Time elapsed: 8.61s, Length: 4 + 3
[57] Recall: 0.00%, Precision: 0.00%, Matched: 0/1
Processing index 58 to 58...
Time elapsed: 6.55s, Length: 3 + 2
[58] Recall: 33.33%, Precision: 33.33%, Matched: 1/3
Processing index 59 to 59...
Time elapsed: 8.23s, Length: 4 + 3
[59] Recall: 33.33%, Precision: 50.00%, Matched: 2/6
Processing index 60 to 60...
Time elapsed: 7.86s, Length: 4 + 3
[60] Recall: -100.00%, Precision: 0.00%, Matched: 0/0
Processing index 61 to 61...
Time elapsed: 9.25s, Length: 5 + 3
[61] Recall: 100.00%, Precision: 40.00%, Matched: 2/2
Processing index 62 to 62...
Time elapsed: 1.77s, Length: 1 + 0
[62] Recall: 100.00%, Precision: 100.00%, Matched: 1/1
Processing index 63 to 63...
Time elapsed: 4.90s, Length: 3 + 1
[63] Recall: 100.00%, Precision: 66.67%, Matched: 2/2
Processing index 64 to 64...
Time elapsed: 8.27s, Length: 4 + 3
[64] Recall: 50.00%, Precision: 25.00%, Matched: 1/2
Processing index 65 to 65...
Time elapsed: 10.65s, Length: 5 + 4
[65] Recall: 75.00%, Precision: 60.00%, Matched: 3/4
Processing index 66 to 66...
Time elapsed: 6.05s, Length: 3 + 2
[66] Recall: 33.33%, Precision: 33.33%, Matched: 1/3
Processing index 67 to 67...
Time elapsed: 6.13s, Length: 3 + 2
[67] Recall: 50.00%, Precision: 33.33%, Matched: 1/2
Processing index 68 to 68...
Time elapsed: 3.88s, Length: 2 + 1
[68] Recall: 0.00%, Precision: 0.00%, Matched: 0/1
Processing index 69 to 69...
Time elapsed: 5.05s, Length: 3 + 1
[69] Recall: 0.00%, Precision: 0.00%, Matched: 0/1
Processing index 70 to 70...
Time elapsed: 6.05s, Length: 3 + 2
[70] Recall: 0.00%, Precision: 0.00%, Matched: 0/3
Processing index 71 to 71...
Time elapsed: 6.53s, Length: 3 + 2
[71] Recall: 33.33%, Precision: 33.33%, Matched: 1/3
Processing index 72 to 72...
Time elapsed: 3.88s, Length: 2 + 1
[72] Recall: 25.00%, Precision: 50.00%, Matched: 1/4
Processing index 73 to 73...
Time elapsed: 5.87s, Length: 3 + 2
[73] Recall: 0.00%, Precision: 0.00%, Matched: 0/1
Processing index 74 to 74...
Time elapsed: 7.97s, Length: 4 + 3
[74] Recall: 20.00%, Precision: 25.00%, Matched: 1/5
Processing index 75 to 75...
Time elapsed: 10.50s, Length: 5 + 4
[75] Recall: 50.00%, Precision: 40.00%, Matched: 2/4
Processing index 76 to 76...
Time elapsed: 6.21s, Length: 3 + 2
[76] Recall: 0.00%, Precision: 0.00%, Matched: 0/1
Processing index 77 to 77...
Time elapsed: 3.91s, Length: 2 + 1
[77] Recall: 0.00%, Precision: 0.00%, Matched: 0/1
Processing index 78 to 78...
Time elapsed: 10.15s, Length: 5 + 4
[78] Recall: 66.67%, Precision: 40.00%, Matched: 2/3
Processing index 79 to 79...
Time elapsed: 10.45s, Length: 5 + 4
[79] Recall: 33.33%, Precision: 20.00%, Matched: 1/3
Processing index 80 to 80...
Time elapsed: 11.48s, Length: 5 + 5
[80] Recall: 50.00%, Precision: 60.00%, Matched: 3/6
Processing index 81 to 81...
Time elapsed: 6.28s, Length: 3 + 2
[81] Recall: 66.67%, Precision: 66.67%, Matched: 2/3
Processing index 82 to 82...
Time elapsed: 12.18s, Length: 6 + 4
[82] Recall: 75.00%, Precision: 50.00%, Matched: 3/4
Processing index 83 to 83...
Time elapsed: 6.23s, Length: 3 + 2
[83] Recall: 50.00%, Precision: 33.33%, Matched: 1/2
Processing index 84 to 84...
Time elapsed: 10.92s, Length: 5 + 4
[84] Recall: 66.67%, Precision: 40.00%, Matched: 2/3
Processing index 85 to 85...
Time elapsed: 13.71s, Length: 7 + 5
[85] Recall: 37.50%, Precision: 42.86%, Matched: 3/8
Processing index 86 to 86...
Time elapsed: 6.30s, Length: 3 + 2
[86] Recall: 66.67%, Precision: 66.67%, Matched: 2/3
Processing index 87 to 87...
Time elapsed: 9.98s, Length: 5 + 4
[87] Recall: 100.00%, Precision: 60.00%, Matched: 3/3
Processing index 88 to 88...
Time elapsed: 10.30s, Length: 5 + 4
[88] Recall: 50.00%, Precision: 40.00%, Matched: 2/4
Processing index 89 to 89...
Time elapsed: 9.68s, Length: 4 + 4
[89] Recall: 40.00%, Precision: 50.00%, Matched: 2/5
Processing index 90 to 90...
Time elapsed: 10.79s, Length: 5 + 4
[90] Recall: 0.00%, Precision: 0.00%, Matched: 0/5
Processing index 91 to 91...
Time elapsed: 8.68s, Length: 4 + 3
[91] Recall: 0.00%, Precision: 0.00%, Matched: 0/5
Processing index 92 to 92...
Time elapsed: 9.36s, Length: 5 + 3
[92] Recall: 40.00%, Precision: 40.00%, Matched: 2/5
Processing index 93 to 93...
Time elapsed: 6.28s, Length: 3 + 2
[93] Recall: 33.33%, Precision: 33.33%, Matched: 1/3
Processing index 94 to 94...
Time elapsed: 7.83s, Length: 4 + 3
[94] Recall: 50.00%, Precision: 25.00%, Matched: 1/2
Processing index 95 to 95...
Time elapsed: 10.02s, Length: 5 + 4
[95] Recall: 33.33%, Precision: 20.00%, Matched: 1/3
Processing index 96 to 96...
Time elapsed: 8.47s, Length: 4 + 3
[96] Recall: 25.00%, Precision: 25.00%, Matched: 1/4
Processing index 97 to 97...
Time elapsed: 6.53s, Length: 3 + 2
[97] Recall: 0.00%, Precision: 0.00%, Matched: 0/1
Processing index 98 to 98...
Time elapsed: 9.07s, Length: 5 + 3
[98] Recall: 50.00%, Precision: 20.00%, Matched: 1/2
Processing index 99 to 99...
Time elapsed: 10.60s, Length: 5 + 4
[99] Recall: 100.00%, Precision: 20.00%, Matched: 1/1
Processing index 100 to 100...
Time elapsed: 12.10s, Length: 5 + 3
[100] Recall: -100.00%, Precision: 0.00%, Matched: 0/0
Processing index 101 to 101...
Time elapsed: 6.81s, Length: 4 + 2
[101] Recall: -100.00%, Precision: 0.00%, Matched: 0/0
Processing index 102 to 102...

Exiting...