Starting from index 47 (47 finished)
Processing index 47 to 47...
Time elapsed: 5.85s, Length: 3 + 2
[47] Recall: 100.00%, Precision: 100.00%, Matched: 3/3
Processing index 48 to 48...
Time elapsed: 14.33s, Length: 7 + 6
[48] Recall: 14.29%, Precision: 14.29%, Matched: 1/7
Processing index 49 to 49...
Time elapsed: 10.20s, Length: 5 + 4
[49] Recall: 0.00%, Precision: 0.00%, Matched: 0/2
Processing index 50 to 50...
Time elapsed: 13.45s, Length: 6 + 5
[50] Recall: 28.57%, Precision: 33.33%, Matched: 2/7
Processing index 51 to 51...
Time elapsed: 10.91s, Length: 5 + 4
[51] Recall: 75.00%, Precision: 60.00%, Matched: 3/4
Processing index 52 to 52...
Time elapsed: 4.45s, Length: 2 + 1
[52] Recall: 33.33%, Precision: 50.00%, Matched: 1/3
Processing index 53 to 53...
Time elapsed: 8.77s, Length: 4 + 3
[53] Recall: 50.00%, Precision: 50.00%, Matched: 2/4
Processing index 54 to 54...
Time elapsed: 4.12s, Length: 2 + 1
[54] Recall: 33.33%, Precision: 50.00%, Matched: 1/3
Processing index 55 to 55...

Exiting...