Starting from index 0 (0 finished)
Processing index 0 to 0...
Time elapsed: 107.87s, Length: 14 + 5
[0] Recall: 20.00%, Precision: 7.14%, Matched: 1/5
Processing index 1 to 1...
Time elapsed: 73.74s, Length: 2 + 4
[1] Recall: 0.00%, Precision: 0.00%, Matched: 0/2
Processing index 2 to 2...
Time elapsed: 20.42s, Length: 4 + 0
[2] Recall: 50.00%, Precision: 75.00%, Matched: 3/6
Processing index 3 to 3...
Time elapsed: 23.13s, Length: 4 + 0
[3] Recall: 40.00%, Precision: 50.00%, Matched: 2/5
Processing index 4 to 4...
Time elapsed: 8.40s, Length: 2 + 0
[4] Recall: 50.00%, Precision: 50.00%, Matched: 1/2
Processing index 5 to 5...
Time elapsed: 32.68s, Length: 2 + 1
[5] Recall: 50.00%, Precision: 100.00%, Matched: 2/4
Processing index 6 to 6...
Time elapsed: 9.23s, Length: 2 + 0
[6] Recall: 0.00%, Precision: 0.00%, Matched: 0/3
Processing index 7 to 7...
Error occurred, retrying...
Time elapsed: 21.83s, Length: 2 + 0
[7] Recall: 33.33%, Precision: 50.00%, Matched: 1/3
Processing index 8 to 8...
Time elapsed: 12.85s, Length: 2 + 0
[8] Recall: 100.00%, Precision: 50.00%, Matched: 1/1
Processing index 9 to 9...
Time elapsed: 22.10s, Length: 2 + 3
[9] Recall: 25.00%, Precision: 50.00%, Matched: 1/4
Processing index 10 to 10...
Error occurred, retrying...
Time elapsed: 62.61s, Length: 4 + 0
[10] Recall: 0.00%, Precision: 0.00%, Matched: 0/3
Processing index 11 to 11...
Time elapsed: 27.97s, Length: 5 + 4
[11] Recall: 16.67%, Precision: 20.00%, Matched: 1/6
Processing index 12 to 12...
Time elapsed: 27.90s, Length: 12 + 0
[12] Recall: 33.33%, Precision: 8.33%, Matched: 1/3
Processing index 13 to 13...
Time elapsed: 12.23s, Length: 2 + 1
[13] Recall: 0.00%, Precision: 0.00%, Matched: 0/4
Processing index 14 to 14...
Time elapsed: 50.50s, Length: 16 + 7
[14] Recall: 25.00%, Precision: 6.25%, Matched: 1/4
Processing index 15 to 15...
Time elapsed: 43.88s, Length: 2 + 3
[15] Recall: 33.33%, Precision: 50.00%, Matched: 1/3
Processing index 16 to 16...
Time elapsed: 25.22s, Length: 3 + 3
[16] Recall: 33.33%, Precision: 33.33%, Matched: 1/3
Processing index 17 to 17...
Time elapsed: 11.47s, Length: 2 + 1
[17] Recall: 0.00%, Precision: 0.00%, Matched: 0/3
Processing index 18 to 18...
Time elapsed: 27.76s, Length: 3 + 4
[18] Recall: 0.00%, Precision: 0.00%, Matched: 0/6
Processing index 19 to 19...
Time elapsed: 12.28s, Length: 2 + 1
[19] Recall: 0.00%, Precision: 0.00%, Matched: 0/2
Processing index 20 to 20...
Time elapsed: 50.45s, Length: 2 + 5
[20] Recall: 33.33%, Precision: 50.00%, Matched: 1/3
Processing index 21 to 21...
Time elapsed: 15.87s, Length: 3 + 2
[21] Recall: 0.00%, Precision: 0.00%, Matched: 0/2
Processing index 22 to 22...
Time elapsed: 18.83s, Length: 3 + 3
[22] Recall: 0.00%, Precision: 0.00%, Matched: 0/3
Processing index 23 to 23...
Time elapsed: 14.68s, Length: 2 + 2
[23] Recall: 0.00%, Precision: 0.00%, Matched: 0/2
Processing index 24 to 24...
Time elapsed: 14.85s, Length: 3 + 1
[24] Recall: 0.00%, Precision: 0.00%, Matched: 0/1
Processing index 25 to 25...
Time elapsed: 26.22s, Length: 2 + 0
[25] Recall: 0.00%, Precision: 0.00%, Matched: 0/1
Processing index 26 to 26...
Time elapsed: 12.12s, Length: 3 + 0
[26] Recall: 100.00%, Precision: 33.33%, Matched: 1/1
Processing index 27 to 27...
Time elapsed: 11.35s, Length: 2 + 0
[27] Recall: 0.00%, Precision: 0.00%, Matched: 0/1
Processing index 28 to 28...
Time elapsed: 13.12s, Length: 5 + 0
[28] Recall: 25.00%, Precision: 20.00%, Matched: 1/4
Processing index 29 to 29...
Time elapsed: 14.19s, Length: 3 + 0
[29] Recall: 0.00%, Precision: 0.00%, Matched: 0/4
Processing index 30 to 30...
Time elapsed: 57.22s, Length: 4 + 4
[30] Recall: 33.33%, Precision: 25.00%, Matched: 1/3
Processing index 31 to 31...
Time elapsed: 19.48s, Length: 2 + 2
[31] Recall: 0.00%, Precision: 0.00%, Matched: 0/2
Processing index 32 to 32...

Exiting...