Starting from index 0 (0 finished)
Processing index 0 to 0...
Time elapsed: 7.97s, Length: 4 + 2
[0] Recall: 60.00%, Precision: 75.00%, Matched: 3/5
Processing index 1 to 1...
Time elapsed: 3.90s, Length: 2 + 1
[1] Recall: 50.00%, Precision: 50.00%, Matched: 1/2
Processing index 2 to 2...
Time elapsed: 6.55s, Length: 3 + 2
[2] Recall: 33.33%, Precision: 66.67%, Matched: 2/6
Processing index 3 to 3...
Time elapsed: 12.20s, Length: 6 + 4
[3] Recall: 40.00%, Precision: 33.33%, Matched: 2/5
Processing index 4 to 4...
Time elapsed: 3.90s, Length: 2 + 1
[4] Recall: 0.00%, Precision: 0.00%, Matched: 0/2
Processing index 5 to 5...
Time elapsed: 5.76s, Length: 3 + 2
[5] Recall: 50.00%, Precision: 66.67%, Matched: 2/4
Processing index 6 to 6...
Time elapsed: 4.67s, Length: 3 + 1
[6] Recall: 33.33%, Precision: 33.33%, Matched: 1/3
Processing index 7 to 7...
Time elapsed: 8.37s, Length: 4 + 3
[7] Recall: 0.00%, Precision: 0.00%, Matched: 0/3
Processing index 8 to 8...
Time elapsed: 8.03s, Length: 4 + 3
[8] Recall: 0.00%, Precision: 0.00%, Matched: 0/1
Processing index 9 to 9...
Time elapsed: 7.58s, Length: 4 + 2
[9] Recall: 0.00%, Precision: 0.00%, Matched: 0/4
Processing index 10 to 10...
Time elapsed: 8.15s, Length: 4 + 3
[10] Recall: 0.00%, Precision: 0.00%, Matched: 0/3
Processing index 11 to 11...
Time elapsed: 7.22s, Length: 3 + 2
[11] Recall: 50.00%, Precision: 100.00%, Matched: 3/6
Processing index 12 to 12...
Time elapsed: 7.35s, Length: 3 + 3
[12] Recall: 33.33%, Precision: 33.33%, Matched: 1/3
Processing index 13 to 13...
Time elapsed: 6.21s, Length: 3 + 2
[13] Recall: 25.00%, Precision: 33.33%, Matched: 1/4
Processing index 14 to 14...
Time elapsed: 8.29s, Length: 4 + 3
[14] Recall: 25.00%, Precision: 25.00%, Matched: 1/4
Processing index 15 to 15...
Time elapsed: 6.09s, Length: 3 + 2
[15] Recall: 33.33%, Precision: 33.33%, Matched: 1/3
Processing index 16 to 16...
Time elapsed: 6.30s, Length: 3 + 2
[16] Recall: 33.33%, Precision: 33.33%, Matched: 1/3
Processing index 17 to 17...
Time elapsed: 6.28s, Length: 3 + 2
[17] Recall: 0.00%, Precision: 0.00%, Matched: 0/3
Processing index 18 to 18...
Time elapsed: 11.42s, Length: 6 + 4
[18] Recall: 33.33%, Precision: 33.33%, Matched: 2/6
Processing index 19 to 19...
Time elapsed: 6.05s, Length: 3 + 2
[19] Recall: 0.00%, Precision: 0.00%, Matched: 0/2
Processing index 20 to 20...
Time elapsed: 6.18s, Length: 3 + 2
[20] Recall: 66.67%, Precision: 66.67%, Matched: 2/3
Processing index 21 to 21...
Time elapsed: 4.07s, Length: 2 + 1
[21] Recall: 50.00%, Precision: 50.00%, Matched: 1/2
Processing index 22 to 22...
Time elapsed: 8.03s, Length: 4 + 3
[22] Recall: 100.00%, Precision: 75.00%, Matched: 3/3
Processing index 23 to 23...
Time elapsed: 4.10s, Length: 2 + 1
[23] Recall: 0.00%, Precision: 0.00%, Matched: 0/2
Processing index 24 to 24...
Time elapsed: 6.15s, Length: 3 + 2
[24] Recall: 0.00%, Precision: 0.00%, Matched: 0/1
Processing index 25 to 25...

Exiting...