Starting from index 64 (64 finished)
Processing index 64 to 64...
Error occurred, retrying...
Time elapsed: 10.48s, Length: 3 + 3
[64] Recall: 50.00%, Precision: 33.33%, Matched: 1/2
Processing index 65 to 65...
Error occurred, retrying...
Time elapsed: 15.55s, Length: 2 + 3
[65] Recall: 25.00%, Precision: 50.00%, Matched: 1/4
Processing index 66 to 66...
Time elapsed: 3.90s, Length: 2 + 1
[66] Recall: 33.33%, Precision: 50.00%, Matched: 1/3
Processing index 67 to 67...
Time elapsed: 4.09s, Length: 2 + 1
[67] Recall: 0.00%, Precision: 0.00%, Matched: 0/2
Processing index 68 to 68...
Time elapsed: 3.78s, Length: 2 + 1
[68] Recall: 0.00%, Precision: 0.00%, Matched: 0/1
Processing index 69 to 69...
Time elapsed: 1.92s, Length: 1 + 0
[69] Recall: 0.00%, Precision: 0.00%, Matched: 0/1
Processing index 70 to 70...
Time elapsed: 5.38s, Length: 2 + 1
[70] Recall: 0.00%, Precision: 0.00%, Matched: 0/3
Processing index 71 to 71...
Time elapsed: 6.01s, Length: 3 + 2
[71] Recall: 33.33%, Precision: 33.33%, Matched: 1/3
Processing index 72 to 72...
Time elapsed: 4.05s, Length: 2 + 1
[72] Recall: 0.00%, Precision: 0.00%, Matched: 0/4
Processing index 73 to 73...
Time elapsed: 5.86s, Length: 3 + 2
[73] Recall: 0.00%, Precision: 0.00%, Matched: 0/1
Processing index 74 to 74...
Time elapsed: 3.10s, Length: 2 + 0
[74] Recall: 40.00%, Precision: 100.00%, Matched: 2/5
Processing index 75 to 75...
Time elapsed: 8.57s, Length: 4 + 3
[75] Recall: 50.00%, Precision: 50.00%, Matched: 2/4
Processing index 76 to 76...
Time elapsed: 3.15s, Length: 2 + 0
[76] Recall: 0.00%, Precision: 0.00%, Matched: 0/1
Processing index 77 to 77...
Time elapsed: 4.17s, Length: 2 + 1
[77] Recall: 0.00%, Precision: 0.00%, Matched: 0/1
Processing index 78 to 78...
Time elapsed: 6.66s, Length: 3 + 2
[78] Recall: 33.33%, Precision: 33.33%, Matched: 1/3
Processing index 79 to 79...
Time elapsed: 8.83s, Length: 4 + 3
[79] Recall: 33.33%, Precision: 25.00%, Matched: 1/3
Processing index 80 to 80...
Time elapsed: 9.90s, Length: 5 + 3
[80] Recall: 66.67%, Precision: 80.00%, Matched: 4/6
Processing index 81 to 81...
Time elapsed: 6.28s, Length: 3 + 2
[81] Recall: 100.00%, Precision: 100.00%, Matched: 3/3
Processing index 82 to 82...
Time elapsed: 12.17s, Length: 6 + 4
[82] Recall: 75.00%, Precision: 50.00%, Matched: 3/4
Processing index 83 to 83...
Time elapsed: 6.32s, Length: 3 + 2
[83] Recall: 50.00%, Precision: 33.33%, Matched: 1/2
Processing index 84 to 84...
Time elapsed: 12.15s, Length: 5 + 5
[84] Recall: 66.67%, Precision: 40.00%, Matched: 2/3
Processing index 85 to 85...
Time elapsed: 11.43s, Length: 6 + 4
[85] Recall: 50.00%, Precision: 66.67%, Matched: 4/8
Processing index 86 to 86...
Time elapsed: 6.35s, Length: 3 + 2
[86] Recall: 66.67%, Precision: 66.67%, Matched: 2/3
Processing index 87 to 87...
Time elapsed: 5.73s, Length: 4 + 1
[87] Recall: 100.00%, Precision: 75.00%, Matched: 3/3
Processing index 88 to 88...
Time elapsed: 7.64s, Length: 4 + 2
[88] Recall: 50.00%, Precision: 50.00%, Matched: 2/4
Processing index 89 to 89...
Time elapsed: 13.86s, Length: 8 + 4
[89] Recall: 20.00%, Precision: 12.50%, Matched: 1/5
Processing index 90 to 90...
Time elapsed: 9.61s, Length: 4 + 3
[90] Recall: 0.00%, Precision: 0.00%, Matched: 0/5
Processing index 91 to 91...
Time elapsed: 6.30s, Length: 4 + 1
[91] Recall: 40.00%, Precision: 50.00%, Matched: 2/5
Processing index 92 to 92...
Time elapsed: 10.47s, Length: 5 + 4
[92] Recall: 40.00%, Precision: 40.00%, Matched: 2/5
Processing index 93 to 93...
Time elapsed: 7.33s, Length: 3 + 3
[93] Recall: 33.33%, Precision: 33.33%, Matched: 1/3
Processing index 94 to 94...
Time elapsed: 6.65s, Length: 4 + 2
[94] Recall: 50.00%, Precision: 25.00%, Matched: 1/2
Processing index 95 to 95...
Time elapsed: 10.12s, Length: 5 + 4
[95] Recall: 0.00%, Precision: 0.00%, Matched: 0/3
Processing index 96 to 96...
Time elapsed: 7.17s, Length: 4 + 2
[96] Recall: 25.00%, Precision: 25.00%, Matched: 1/4
Processing index 97 to 97...
Time elapsed: 6.98s, Length: 3 + 2
[97] Recall: 0.00%, Precision: 0.00%, Matched: 0/1
Processing index 98 to 98...
Error occurred, retrying...
Error occurred, retrying...
Time elapsed: 23.38s, Length: 4 + 3
[98] Recall: 0.00%, Precision: 0.00%, Matched: 0/2
Processing index 99 to 99...
Error occurred, retrying...
Error occurred, retrying...
Error occurred, retrying...
Time elapsed: 27.99s, Length: 3 + 1
[99] Recall: 100.00%, Precision: 33.33%, Matched: 1/1
Processing index 100 to 100...
Time elapsed: 10.77s, Length: 5 + 4
[100] Recall: -100.00%, Precision: 0.00%, Matched: 0/0
Processing index 101 to 101...
Time elapsed: 4.06s, Length: 2 + 1
[101] Recall: -100.00%, Precision: 0.00%, Matched: 0/0
Processing index 102 to 102...
Time elapsed: 4.12s, Length: 2 + 1
[102] Recall: -100.00%, Precision: 0.00%, Matched: 0/0
Processing index 103 to 103...
Time elapsed: 10.58s, Length: 4 + 5
[103] Recall: 100.00%, Precision: 50.00%, Matched: 2/2
Processing index 104 to 104...
Time elapsed: 9.98s, Length: 5 + 4
[104] Recall: 0.00%, Precision: 0.00%, Matched: 0/1
Processing index 105 to 105...
Time elapsed: 9.22s, Length: 5 + 3
[105] Recall: 0.00%, Precision: 0.00%, Matched: 0/2
Processing index 106 to 106...
Time elapsed: 5.22s, Length: 2 + 1
[106] Recall: 25.00%, Precision: 50.00%, Matched: 1/4
Processing index 107 to 107...
Time elapsed: 3.93s, Length: 2 + 1
[107] Recall: 0.00%, Precision: 0.00%, Matched: 0/1
Processing index 108 to 108...
Time elapsed: 7.18s, Length: 4 + 2
[108] Recall: 50.00%, Precision: 25.00%, Matched: 1/2
Processing index 109 to 109...
Time elapsed: 5.75s, Length: 3 + 2
[109] Recall: 50.00%, Precision: 33.33%, Matched: 1/2
Processing index 110 to 110...
Time elapsed: 5.15s, Length: 2 + 1
[110] Recall: 33.33%, Precision: 50.00%, Matched: 1/3
Processing index 111 to 111...
Time elapsed: 8.05s, Length: 4 + 3
[111] Recall: 25.00%, Precision: 25.00%, Matched: 1/4
Processing index 112 to 112...
Time elapsed: 8.34s, Length: 4 + 3
[112] Recall: 66.67%, Precision: 50.00%, Matched: 2/3
Processing index 113 to 113...
Time elapsed: 10.55s, Length: 5 + 4
[113] Recall: 40.00%, Precision: 40.00%, Matched: 2/5
Processing index 114 to 114...
Time elapsed: 10.03s, Length: 5 + 3
[114] Recall: 100.00%, Precision: 60.00%, Matched: 3/3
Processing index 115 to 115...
Time elapsed: 5.48s, Length: 3 + 1
[115] Recall: 0.00%, Precision: 0.00%, Matched: 0/2
Processing index 116 to 116...
Time elapsed: 5.07s, Length: 2 + 1
[116] Recall: 33.33%, Precision: 50.00%, Matched: 1/3
Processing index 117 to 117...
Time elapsed: 8.55s, Length: 4 + 3
[117] Recall: 33.33%, Precision: 25.00%, Matched: 1/3
Processing index 118 to 118...
Time elapsed: 8.05s, Length: 4 + 3
[118] Recall: 50.00%, Precision: 50.00%, Matched: 2/4
Processing index 119 to 119...
Time elapsed: 12.59s, Length: 8 + 3
[119] Recall: 50.00%, Precision: 25.00%, Matched: 2/4
Processing index 120 to 120...
Time elapsed: 7.71s, Length: 3 + 3
[120] Recall: 100.00%, Precision: 100.00%, Matched: 3/3
Processing index 121 to 121...
Time elapsed: 9.55s, Length: 4 + 4
[121] Recall: 20.00%, Precision: 25.00%, Matched: 1/5
Processing index 122 to 122...
Time elapsed: 4.08s, Length: 2 + 1
[122] Recall: 100.00%, Precision: 50.00%, Matched: 1/1
Processing index 123 to 123...
Time elapsed: 4.33s, Length: 2 + 1
[123] Recall: 0.00%, Precision: 0.00%, Matched: 0/2
Processing index 124 to 124...
Time elapsed: 7.25s, Length: 4 + 2
[124] Recall: 50.00%, Precision: 25.00%, Matched: 1/2
Processing index 125 to 125...
Time elapsed: 3.91s, Length: 2 + 1
[125] Recall: 100.00%, Precision: 50.00%, Matched: 1/1
Processing index 126 to 126...
Time elapsed: 10.57s, Length: 5 + 4
[126] Recall: 0.00%, Precision: 0.00%, Matched: 0/2
Processing index 127 to 127...
Time elapsed: 9.20s, Length: 4 + 4
[127] Recall: 66.67%, Precision: 50.00%, Matched: 2/3
Processing index 128 to 128...
Time elapsed: 7.58s, Length: 3 + 3
[128] Recall: 66.67%, Precision: 66.67%, Matched: 2/3
Processing index 129 to 129...
Time elapsed: 11.68s, Length: 6 + 4
[129] Recall: 0.00%, Precision: 0.00%, Matched: 0/3
Processing index 130 to 130...
Time elapsed: 11.23s, Length: 5 + 4
[130] Recall: 100.00%, Precision: 100.00%, Matched: 5/5
Processing index 131 to 131...
Time elapsed: 2.32s, Length: 1 + 0
[131] Recall: 100.00%, Precision: 100.00%, Matched: 1/1
Processing index 132 to 132...
Time elapsed: 6.53s, Length: 3 + 2
[132] Recall: -100.00%, Precision: 0.00%, Matched: 0/0
Processing index 133 to 133...
Time elapsed: 4.72s, Length: 3 + 1
[133] Recall: 100.00%, Precision: 33.33%, Matched: 1/1
Processing index 134 to 134...
Time elapsed: 4.14s, Length: 2 + 1
[134] Recall: 25.00%, Precision: 50.00%, Matched: 1/4
Processing index 135 to 135...
Time elapsed: 1.73s, Length: 1 + 0
[135] Recall: -100.00%, Precision: 0.00%, Matched: 0/0
Processing index 136 to 136...
Time elapsed: 6.45s, Length: 3 + 2
[136] Recall: 25.00%, Precision: 33.33%, Matched: 1/4
Processing index 137 to 137...
Time elapsed: 4.22s, Length: 2 + 1
[137] Recall: 33.33%, Precision: 50.00%, Matched: 1/3
Processing index 138 to 138...
Time elapsed: 4.25s, Length: 2 + 1
[138] Recall: 25.00%, Precision: 50.00%, Matched: 1/4
Processing index 139 to 139...
Time elapsed: 9.17s, Length: 4 + 4
[139] Recall: 40.00%, Precision: 50.00%, Matched: 2/5
Processing index 140 to 140...
Time elapsed: 6.67s, Length: 3 + 2
[140] Recall: 66.67%, Precision: 66.67%, Matched: 2/3
Processing index 141 to 141...
Time elapsed: 10.95s, Length: 5 + 4
[141] Recall: 25.00%, Precision: 20.00%, Matched: 1/4
Processing index 142 to 142...
Time elapsed: 8.60s, Length: 4 + 3
[142] Recall: 50.00%, Precision: 50.00%, Matched: 2/4
Processing index 143 to 143...
Time elapsed: 8.37s, Length: 4 + 3
[143] Recall: 0.00%, Precision: 0.00%, Matched: 0/4
Processing index 144 to 144...
Time elapsed: 10.03s, Length: 5 + 4
[144] Recall: 66.67%, Precision: 40.00%, Matched: 2/3
Processing index 145 to 145...
Time elapsed: 9.73s, Length: 4 + 4
[145] Recall: 40.00%, Precision: 50.00%, Matched: 2/5
Processing index 146 to 146...
Time elapsed: 4.36s, Length: 2 + 1
[146] Recall: 50.00%, Precision: 50.00%, Matched: 1/2
Processing index 147 to 147...
Time elapsed: 6.52s, Length: 3 + 2
[147] Recall: 0.00%, Precision: 0.00%, Matched: 0/3
Processing index 148 to 148...
Time elapsed: 5.55s, Length: 3 + 1
[148] Recall: 50.00%, Precision: 66.67%, Matched: 2/4
Processing index 149 to 149...
Time elapsed: 7.32s, Length: 4 + 2
[149] Recall: 66.67%, Precision: 50.00%, Matched: 2/3
Processing index 150 to 150...
Time elapsed: 7.29s, Length: 4 + 2
[150] Recall: 100.00%, Precision: 50.00%, Matched: 2/2
Processing index 151 to 151...
Time elapsed: 11.37s, Length: 5 + 4
[151] Recall: 20.00%, Precision: 20.00%, Matched: 1/5
Processing index 152 to 152...
Time elapsed: 5.11s, Length: 3 + 1
[152] Recall: 25.00%, Precision: 33.33%, Matched: 1/4
Processing index 153 to 153...
Time elapsed: 3.93s, Length: 2 + 1
[153] Recall: 0.00%, Precision: 0.00%, Matched: 0/2
Processing index 154 to 154...
Time elapsed: 2.92s, Length: 2 + 0
[154] Recall: 100.00%, Precision: 100.00%, Matched: 2/2
Processing index 155 to 155...
Time elapsed: 3.75s, Length: 3 + 0
[155] Recall: -100.00%, Precision: 0.00%, Matched: 0/0
Processing index 156 to 156...
Time elapsed: 4.36s, Length: 2 + 1
[156] Recall: 0.00%, Precision: 0.00%, Matched: 0/1
Processing index 157 to 157...
Time elapsed: 5.96s, Length: 3 + 2
[157] Recall: 0.00%, Precision: 0.00%, Matched: 0/2
Processing index 158 to 158...
Time elapsed: 4.03s, Length: 2 + 1
[158] Recall: 50.00%, Precision: 50.00%, Matched: 1/2
Processing index 159 to 159...
Time elapsed: 10.57s, Length: 5 + 4
[159] Recall: 0.00%, Precision: 0.00%, Matched: 0/6
Processing index 160 to 160...
Time elapsed: 9.00s, Length: 4 + 3
[160] Recall: 25.00%, Precision: 25.00%, Matched: 1/4
Processing index 161 to 161...
Time elapsed: 6.41s, Length: 3 + 2
[161] Recall: 0.00%, Precision: 0.00%, Matched: 0/3
Processing index 162 to 162...
Error occurred, retrying...
Time elapsed: 13.40s, Length: 3 + 2
[162] Recall: 33.33%, Precision: 33.33%, Matched: 1/3
Processing index 163 to 163...
Time elapsed: 6.13s, Length: 3 + 2
[163] Recall: 0.00%, Precision: 0.00%, Matched: 0/4
Processing index 164 to 164...
Error occurred, retrying...
Time elapsed: 21.85s, Length: 6 + 5
[164] Recall: 66.67%, Precision: 33.33%, Matched: 2/3
Processing index 165 to 165...
Time elapsed: 6.67s, Length: 3 + 2
[165] Recall: 33.33%, Precision: 33.33%, Matched: 1/3
Processing index 166 to 166...
Time elapsed: 9.17s, Length: 4 + 4
[166] Recall: 40.00%, Precision: 50.00%, Matched: 2/5
Processing index 167 to 167...
Time elapsed: 11.27s, Length: 5 + 4
[167] Recall: 57.14%, Precision: 80.00%, Matched: 4/7
Processing index 168 to 168...
Time elapsed: 8.22s, Length: 4 + 3
[168] Recall: 0.00%, Precision: 0.00%, Matched: 0/2
Processing index 169 to 169...
Time elapsed: 7.28s, Length: 4 + 2
[169] Recall: 33.33%, Precision: 25.00%, Matched: 1/3
Processing index 170 to 170...
Time elapsed: 19.01s, Length: 9 + 7
[170] Recall: 20.00%, Precision: 11.11%, Matched: 1/5
Processing index 171 to 171...
Time elapsed: 13.09s, Length: 7 + 4
[171] Recall: 25.00%, Precision: 14.29%, Matched: 1/4
Processing index 172 to 172...
Time elapsed: 15.65s, Length: 7 + 6
[172] Recall: 66.67%, Precision: 28.57%, Matched: 2/3
Processing index 173 to 173...
Error occurred, retrying...
Time elapsed: 20.96s, Length: 5 + 5
[173] Recall: 0.00%, Precision: 0.00%, Matched: 0/4
Processing index 174 to 174...
Time elapsed: 7.78s, Length: 4 + 3
[174] Recall: 50.00%, Precision: 50.00%, Matched: 2/4
Processing index 175 to 175...
Time elapsed: 12.08s, Length: 6 + 5
[175] Recall: 50.00%, Precision: 16.67%, Matched: 1/2
Processing index 176 to 176...
Time elapsed: 7.88s, Length: 4 + 3
[176] Recall: 66.67%, Precision: 50.00%, Matched: 2/3
Processing index 177 to 177...
Time elapsed: 6.03s, Length: 3 + 2
[177] Recall: 33.33%, Precision: 33.33%, Matched: 1/3
Processing index 178 to 178...
Time elapsed: 4.10s, Length: 2 + 1
[178] Recall: 0.00%, Precision: 0.00%, Matched: 0/2
Processing index 179 to 179...
Time elapsed: 4.43s, Length: 2 + 1
[179] Recall: 0.00%, Precision: 0.00%, Matched: 0/1
Processing index 180 to 180...
Time elapsed: 5.35s, Length: 2 + 1
[180] Recall: 100.00%, Precision: 50.00%, Matched: 1/1
Processing index 181 to 181...
Time elapsed: 7.25s, Length: 4 + 2
[181] Recall: 100.00%, Precision: 50.00%, Matched: 2/2
Processing index 182 to 182...
Time elapsed: 10.87s, Length: 5 + 3
[182] Recall: 25.00%, Precision: 20.00%, Matched: 1/4
Processing index 183 to 183...
Time elapsed: 5.88s, Length: 3 + 1
[183] Recall: 33.33%, Precision: 33.33%, Matched: 1/3
Processing index 184 to 184...
Time elapsed: 4.74s, Length: 2 + 1
[184] Recall: 66.67%, Precision: 100.00%, Matched: 2/3
Processing index 185 to 185...
Time elapsed: 6.65s, Length: 3 + 2
[185] Recall: 33.33%, Precision: 33.33%, Matched: 1/3
Processing index 186 to 186...
Time elapsed: 13.92s, Length: 8 + 4
[186] Recall: 33.33%, Precision: 25.00%, Matched: 2/6
Processing index 187 to 187...
Time elapsed: 11.95s, Length: 5 + 3
[187] Recall: 15.38%, Precision: 40.00%, Matched: 2/13
Processing index 188 to 188...
Time elapsed: 6.21s, Length: 3 + 2
[188] Recall: 16.67%, Precision: 33.33%, Matched: 1/6
Processing index 189 to 189...
Time elapsed: 11.32s, Length: 6 + 4
[189] Recall: 66.67%, Precision: 66.67%, Matched: 4/6
Processing index 190 to 190...
Time elapsed: 5.23s, Length: 2 + 1
[190] Recall: 100.00%, Precision: 100.00%, Matched: 2/2
Processing index 191 to 191...
Time elapsed: 5.19s, Length: 3 + 1
[191] Recall: 20.00%, Precision: 33.33%, Matched: 1/5
Processing index 192 to 192...
Time elapsed: 14.58s, Length: 7 + 5
[192] Recall: 16.67%, Precision: 14.29%, Matched: 1/6
Processing index 193 to 193...
Time elapsed: 4.18s, Length: 2 + 1
[193] Recall: 100.00%, Precision: 100.00%, Matched: 2/2
Processing index 194 to 194...
Time elapsed: 4.08s, Length: 2 + 1
[194] Recall: 33.33%, Precision: 50.00%, Matched: 1/3
Processing index 195 to 195...
Time elapsed: 5.26s, Length: 3 + 1
[195] Recall: 33.33%, Precision: 33.33%, Matched: 1/3
Processing index 196 to 196...
Time elapsed: 9.53s, Length: 4 + 4
[196] Recall: 25.00%, Precision: 25.00%, Matched: 1/4
Processing index 197 to 197...
Time elapsed: 5.80s, Length: 3 + 2
[197] Recall: 0.00%, Precision: 0.00%, Matched: 0/1
Processing index 198 to 198...
Time elapsed: 5.30s, Length: 3 + 1
[198] Recall: 33.33%, Precision: 33.33%, Matched: 1/3
Processing index 199 to 199...
Time elapsed: 6.05s, Length: 3 + 2
[199] Recall: 33.33%, Precision: 33.33%, Matched: 1/3
Processing index 200 to 200...
Error occurred, retrying...
Time elapsed: 15.92s, Length: 5 + 3
[200] Recall: 0.00%, Precision: 0.00%, Matched: 0/4
Processing index 201 to 201...
Time elapsed: 3.77s, Length: 2 + 1
[201] Recall: 100.00%, Precision: 50.00%, Matched: 1/1
Processing index 202 to 202...
Error occurred, retrying...
Time elapsed: 8.83s, Length: 3 + 0
[202] Recall: 100.00%, Precision: 100.00%, Matched: 3/3
Processing index 203 to 203...
Time elapsed: 8.60s, Length: 4 + 3
[203] Recall: 0.00%, Precision: 0.00%, Matched: 0/4
Processing index 204 to 204...
Time elapsed: 4.59s, Length: 3 + 1
[204] Recall: 50.00%, Precision: 33.33%, Matched: 1/2
Processing index 205 to 205...
Time elapsed: 8.36s, Length: 4 + 3
[205] Recall: 25.00%, Precision: 25.00%, Matched: 1/4
Processing index 206 to 206...
Time elapsed: 5.53s, Length: 3 + 2
[206] Recall: 50.00%, Precision: 33.33%, Matched: 1/2
Processing index 207 to 207...
Time elapsed: 8.51s, Length: 4 + 3
[207] Recall: 66.67%, Precision: 100.00%, Matched: 4/6
Processing index 208 to 208...
Time elapsed: 8.37s, Length: 4 + 3
[208] Recall: 100.00%, Precision: 25.00%, Matched: 1/1
Processing index 209 to 209...
Error occurred, retrying...
Time elapsed: 16.43s, Length: 3 + 3
[209] Recall: 33.33%, Precision: 33.33%, Matched: 1/3
Processing index 210 to 210...
Time elapsed: 12.24s, Length: 4 + 6
[210] Recall: 50.00%, Precision: 50.00%, Matched: 2/4
Processing index 211 to 211...
Time elapsed: 3.85s, Length: 2 + 1
[211] Recall: -100.00%, Precision: 0.00%, Matched: 0/0
Processing index 212 to 212...
Time elapsed: 5.88s, Length: 4 + 1
[212] Recall: 33.33%, Precision: 25.00%, Matched: 1/3
Processing index 213 to 213...
Time elapsed: 3.95s, Length: 2 + 1
[213] Recall: 0.00%, Precision: 0.00%, Matched: 0/1
Processing index 214 to 214...
Time elapsed: 3.88s, Length: 2 + 1
[214] Recall: 0.00%, Precision: 0.00%, Matched: 0/1
Processing index 215 to 215...
Time elapsed: 4.88s, Length: 3 + 1
[215] Recall: 100.00%, Precision: 33.33%, Matched: 1/1
Processing index 216 to 216...
Time elapsed: 3.81s, Length: 2 + 1
[216] Recall: 0.00%, Precision: 0.00%, Matched: 0/2
Processing index 217 to 217...
Time elapsed: 4.10s, Length: 2 + 1
[217] Recall: 0.00%, Precision: 0.00%, Matched: 0/2
Processing index 218 to 218...
Error occurred, retrying...
Time elapsed: 3.52s, Length: 1 + 0
[218] Recall: -100.00%, Precision: 0.00%, Matched: 0/0
Processing index 219 to 219...
Time elapsed: 9.25s, Length: 5 + 3
[219] Recall: -100.00%, Precision: 0.00%, Matched: 0/0
Processing index 220 to 220...
Time elapsed: 4.48s, Length: 2 + 1
[220] Recall: 33.33%, Precision: 50.00%, Matched: 1/3
Processing index 221 to 221...
Time elapsed: 5.08s, Length: 3 + 1
[221] Recall: 66.67%, Precision: 66.67%, Matched: 2/3
Processing index 222 to 222...
Time elapsed: 11.64s, Length: 6 + 4
[222] Recall: 0.00%, Precision: 0.00%, Matched: 0/7
Processing index 223 to 223...
Error occurred, retrying...
Error occurred, retrying...
Time elapsed: 8.03s, Length: 2 + 0
[223] Recall: 100.00%, Precision: 50.00%, Matched: 1/1
Processing index 224 to 224...
Error occurred, retrying...
Time elapsed: 17.87s, Length: 3 + 3
[224] Recall: 0.00%, Precision: 0.00%, Matched: 0/5
Processing index 225 to 225...
Time elapsed: 3.70s, Length: 2 + 1
[225] Recall: 0.00%, Precision: 0.00%, Matched: 0/2
Processing index 226 to 226...
Time elapsed: 8.06s, Length: 3 + 3
[226] Recall: 0.00%, Precision: 0.00%, Matched: 0/4
Processing index 227 to 227...
Time elapsed: 8.53s, Length: 4 + 3
[227] Recall: 0.00%, Precision: 0.00%, Matched: 0/5
Processing index 228 to 228...
Time elapsed: 5.21s, Length: 2 + 2
[228] Recall: 33.33%, Precision: 50.00%, Matched: 1/3
Processing index 229 to 229...
Error occurred, retrying...
Error occurred, retrying...
Time elapsed: 9.82s, Length: 2 + 1
[229] Recall: 33.33%, Precision: 50.00%, Matched: 1/3
Processing index 230 to 230...
Time elapsed: 6.63s, Length: 4 + 1
[230] Recall: 100.00%, Precision: 75.00%, Matched: 3/3
Processing index 231 to 231...
Time elapsed: 6.03s, Length: 4 + 1
[231] Recall: 0.00%, Precision: 0.00%, Matched: 0/4
Processing index 232 to 232...
Time elapsed: 4.29s, Length: 2 + 1
[232] Recall: 50.00%, Precision: 50.00%, Matched: 1/2
Processing index 233 to 233...
Time elapsed: 3.85s, Length: 2 + 1
[233] Recall: 0.00%, Precision: 0.00%, Matched: 0/2
Processing index 234 to 234...
Error occurred, retrying...
Time elapsed: 18.46s, Length: 5 + 2
[234] Recall: 20.00%, Precision: 20.00%, Matched: 1/5
Processing index 235 to 235...
Time elapsed: 5.80s, Length: 3 + 1
[235] Recall: 33.33%, Precision: 33.33%, Matched: 1/3
Processing index 236 to 236...
Time elapsed: 6.35s, Length: 3 + 2
[236] Recall: 50.00%, Precision: 66.67%, Matched: 2/4
Processing index 237 to 237...
Time elapsed: 5.01s, Length: 3 + 1
[237] Recall: 33.33%, Precision: 33.33%, Matched: 1/3
Processing index 238 to 238...
Time elapsed: 4.12s, Length: 2 + 1
[238] Recall: 50.00%, Precision: 50.00%, Matched: 1/2
Processing index 239 to 239...
Time elapsed: 5.19s, Length: 3 + 1
[239] Recall: 33.33%, Precision: 33.33%, Matched: 1/3
Processing index 240 to 240...
Time elapsed: 4.08s, Length: 2 + 1
[240] Recall: 66.67%, Precision: 100.00%, Matched: 2/3
Processing index 241 to 241...
Time elapsed: 5.85s, Length: 3 + 2
[241] Recall: 50.00%, Precision: 66.67%, Matched: 2/4
Processing index 242 to 242...
Time elapsed: 4.15s, Length: 2 + 1
[242] Recall: 33.33%, Precision: 50.00%, Matched: 1/3
Processing index 243 to 243...
Time elapsed: 10.42s, Length: 5 + 4
[243] Recall: 66.67%, Precision: 40.00%, Matched: 2/3
Processing index 244 to 244...
Time elapsed: 6.78s, Length: 4 + 2
[244] Recall: 25.00%, Precision: 25.00%, Matched: 1/4
Processing index 245 to 245...
Time elapsed: 7.75s, Length: 3 + 3
[245] Recall: 66.67%, Precision: 66.67%, Matched: 2/3
Processing index 246 to 246...
Time elapsed: 5.23s, Length: 3 + 1
[246] Recall: 50.00%, Precision: 33.33%, Matched: 1/2
Processing index 247 to 247...
Time elapsed: 4.06s, Length: 2 + 1
[247] Recall: 0.00%, Precision: 0.00%, Matched: 0/1
Processing index 248 to 248...
Time elapsed: 3.99s, Length: 2 + 1
[248] Recall: 0.00%, Precision: 0.00%, Matched: 0/3
Processing index 249 to 249...
Time elapsed: 9.03s, Length: 5 + 3
[249] Recall: 33.33%, Precision: 40.00%, Matched: 2/6